<?xml version="1.0" encoding="UTF-8"?>
<testsuite name="com.nsa.evolve.controller.SettingsControllerTest" tests="1" skipped="0" failures="0" errors="0" timestamp="2018-03-19T17:38:03" hostname="NSAA08CFDA44F39" time="0.04">
  <properties/>
  <testcase name="SettingsDashboardView" classname="com.nsa.evolve.controller.SettingsControllerTest" time="0.04"/>
  <system-out><![CDATA[2018-03-19 17:38:02.191  INFO 12796 --- [    Test worker] .b.t.a.w.s.WebMvcTestContextBootstrapper : Neither @ContextConfiguration nor @ContextHierarchy found for test class [com.nsa.evolve.controller.SettingsControllerTest], using SpringBootContextLoader
2018-03-19 17:38:02.193  INFO 12796 --- [    Test worker] o.s.t.c.support.AbstractContextLoader    : Could not detect default resource locations for test class [com.nsa.evolve.controller.SettingsControllerTest]: no resource found for suffixes {-context.xml, Context.groovy}.
2018-03-19 17:38:02.193  INFO 12796 --- [    Test worker] t.c.s.AnnotationConfigContextLoaderUtils : Could not detect default configuration classes for test class [com.nsa.evolve.controller.SettingsControllerTest]: SettingsControllerTest does not declare any static, non-private, non-final, nested classes annotated with @Configuration.
2018-03-19 17:38:02.215  INFO 12796 --- [    Test worker] .b.t.c.SpringBootTestContextBootstrapper : Found @SpringBootConfiguration com.nsa.evolve.EvolveApplication for test class com.nsa.evolve.controller.SettingsControllerTest
2018-03-19 17:38:02.221  INFO 12796 --- [    Test worker] .b.t.a.w.s.WebMvcTestContextBootstrapper : Loaded default TestExecutionListener class names from location [META-INF/spring.factories]: [org.springframework.boot.test.mock.mockito.MockitoTestExecutionListener, org.springframework.boot.test.mock.mockito.ResetMocksTestExecutionListener, org.springframework.boot.test.autoconfigure.restdocs.RestDocsTestExecutionListener, org.springframework.boot.test.autoconfigure.web.client.MockRestServiceServerResetTestExecutionListener, org.springframework.boot.test.autoconfigure.web.servlet.MockMvcPrintOnlyOnFailureTestExecutionListener, org.springframework.boot.test.autoconfigure.web.servlet.WebDriverTestExecutionListener, org.springframework.test.context.web.ServletTestExecutionListener, org.springframework.test.context.support.DirtiesContextBeforeModesTestExecutionListener, org.springframework.test.context.support.DependencyInjectionTestExecutionListener, org.springframework.test.context.support.DirtiesContextTestExecutionListener, org.springframework.test.context.transaction.TransactionalTestExecutionListener, org.springframework.test.context.jdbc.SqlScriptsTestExecutionListener]
2018-03-19 17:38:02.224  INFO 12796 --- [    Test worker] .b.t.a.w.s.WebMvcTestContextBootstrapper : Using TestExecutionListeners: [org.springframework.test.context.web.ServletTestExecutionListener@252dd589, org.springframework.test.context.support.DirtiesContextBeforeModesTestExecutionListener@530977d2, org.springframework.boot.test.autoconfigure.SpringBootDependencyInjectionTestExecutionListener@30548ef6, org.springframework.test.context.support.DirtiesContextTestExecutionListener@5bdb7862, org.springframework.test.context.transaction.TransactionalTestExecutionListener@10117f0d, org.springframework.test.context.jdbc.SqlScriptsTestExecutionListener@83e3d3a, org.springframework.boot.test.autoconfigure.web.servlet.MockMvcPrintOnlyOnFailureTestExecutionListener@1c8921f5, org.springframework.boot.test.autoconfigure.web.client.MockRestServiceServerResetTestExecutionListener@1c91426e, org.springframework.boot.test.mock.mockito.MockitoTestExecutionListener@763afe6, org.springframework.boot.test.mock.mockito.ResetMocksTestExecutionListener@7e4d85dd, org.springframework.boot.test.autoconfigure.restdocs.RestDocsTestExecutionListener@2b1e8568, org.springframework.boot.test.autoconfigure.web.servlet.WebDriverTestExecutionListener@3d8a2057]

  .   ____          _            __ _ _
 /\\ / ___'_ __ _ _(_)_ __  __ _ \ \ \ \
( ( )\___ | '_ | '_| | '_ \/ _` | \ \ \ \
 \\/  ___)| |_)| | | | | || (_| |  ) ) ) )
  '  |____| .__|_| |_|_| |_\__, | / / / /
 =========|_|==============|___/=/_/_/_/
 :: Spring Boot ::        (v1.5.8.RELEASE)

2018-03-19 17:38:02.293  INFO 12796 --- [    Test worker] c.n.e.controller.SettingsControllerTest  : Starting SettingsControllerTest on NSAA08CFDA44F39 with PID 12796 (started by c1633899 in C:\Users\c1633899\Documents\Year Two\Semester One\CM6213 Commercial Applications with Java\Assessment\evolvestuff)
2018-03-19 17:38:02.294  INFO 12796 --- [    Test worker] c.n.e.controller.SettingsControllerTest  : No active profile set, falling back to default profiles: default
2018-03-19 17:38:02.296  INFO 12796 --- [    Test worker] o.s.w.c.s.GenericWebApplicationContext   : Refreshing org.springframework.web.context.support.GenericWebApplicationContext@12b32714: startup date [Mon Mar 19 17:38:02 GMT 2018]; root of context hierarchy
2018-03-19 17:38:02.911  INFO 12796 --- [    Test worker] s.w.s.m.m.a.RequestMappingHandlerAdapter : Looking for @ControllerAdvice: org.springframework.web.context.support.GenericWebApplicationContext@12b32714: startup date [Mon Mar 19 17:38:02 GMT 2018]; root of context hierarchy
2018-03-19 17:38:02.933  INFO 12796 --- [    Test worker] s.w.s.m.m.a.RequestMappingHandlerMapping : Mapped "{[/settings],methods=[GET]}" onto public java.lang.String com.nsa.evolve.controller.SettingsController.getSettingsPage(org.springframework.ui.Model,javax.servlet.http.HttpSession,java.lang.String,java.lang.String,java.lang.String)
2018-03-19 17:38:02.934  INFO 12796 --- [    Test worker] s.w.s.m.m.a.RequestMappingHandlerMapping : Mapped "{[/account/updatePassword],methods=[PUT]}" onto public java.lang.String com.nsa.evolve.controller.SettingsController.updateAccountPassword(com.nsa.evolve.form.PasswordForm,org.springframework.web.servlet.mvc.support.RedirectAttributes,javax.servlet.http.HttpSession)
2018-03-19 17:38:02.936  INFO 12796 --- [    Test worker] s.w.s.m.m.a.RequestMappingHandlerMapping : Mapped "{[/error]}" onto public org.springframework.http.ResponseEntity<java.util.Map<java.lang.String, java.lang.Object>> org.springframework.boot.autoconfigure.web.BasicErrorController.error(javax.servlet.http.HttpServletRequest)
2018-03-19 17:38:02.937  INFO 12796 --- [    Test worker] s.w.s.m.m.a.RequestMappingHandlerMapping : Mapped "{[/error],produces=[text/html]}" onto public org.springframework.web.servlet.ModelAndView org.springframework.boot.autoconfigure.web.BasicErrorController.errorHtml(javax.servlet.http.HttpServletRequest,javax.servlet.http.HttpServletResponse)
2018-03-19 17:38:02.980  INFO 12796 --- [    Test worker] o.s.w.s.handler.SimpleUrlHandlerMapping  : Mapped URL path [/webjars/**] onto handler of type [class org.springframework.web.servlet.resource.ResourceHttpRequestHandler]
2018-03-19 17:38:02.980  INFO 12796 --- [    Test worker] o.s.w.s.handler.SimpleUrlHandlerMapping  : Mapped URL path [/**] onto handler of type [class org.springframework.web.servlet.resource.ResourceHttpRequestHandler]
2018-03-19 17:38:03.031  INFO 12796 --- [    Test worker] o.s.w.s.handler.SimpleUrlHandlerMapping  : Mapped URL path [/**/favicon.ico] onto handler of type [class org.springframework.web.servlet.resource.ResourceHttpRequestHandler]
2018-03-19 17:38:03.244  INFO 12796 --- [    Test worker] o.s.b.t.m.w.SpringBootMockServletContext : Initializing Spring FrameworkServlet ''
2018-03-19 17:38:03.245  INFO 12796 --- [    Test worker] o.s.t.web.servlet.TestDispatcherServlet  : FrameworkServlet '': initialization started
2018-03-19 17:38:03.259  INFO 12796 --- [    Test worker] o.s.t.web.servlet.TestDispatcherServlet  : FrameworkServlet '': initialization completed in 14 ms
2018-03-19 17:38:03.313  INFO 12796 --- [    Test worker] c.n.e.controller.SettingsControllerTest  : Started SettingsControllerTest in 1.08 seconds (JVM running for 8.547)
]]></system-out>
  <system-err><![CDATA[]]></system-err>
</testsuite>
