<?xml version="1.0" encoding="UTF-8"?>
<testsuite name="com.nsa.evolve.controller.QuestionnaireControllerTest" tests="2" skipped="0" failures="0" errors="0" timestamp="2018-03-20T10:11:10" hostname="NSAA08CFDA44F39" time="0.203">
  <properties/>
  <testcase name="insertScoreFromQuestionAPI" classname="com.nsa.evolve.controller.QuestionnaireControllerTest" time="0.089"/>
  <testcase name="getQuestionsForQuestionnaireAPI" classname="com.nsa.evolve.controller.QuestionnaireControllerTest" time="0.111"/>
  <system-out><![CDATA[2018-03-20 10:11:09.460  INFO 14720 --- [    Test worker] .b.t.a.w.s.WebMvcTestContextBootstrapper : Neither @ContextConfiguration nor @ContextHierarchy found for test class [com.nsa.evolve.controller.QuestionnaireControllerTest], using SpringBootContextLoader
2018-03-20 10:11:09.470  INFO 14720 --- [    Test worker] o.s.t.c.support.AbstractContextLoader    : Could not detect default resource locations for test class [com.nsa.evolve.controller.QuestionnaireControllerTest]: no resource found for suffixes {-context.xml, Context.groovy}.
2018-03-20 10:11:09.471  INFO 14720 --- [    Test worker] t.c.s.AnnotationConfigContextLoaderUtils : Could not detect default configuration classes for test class [com.nsa.evolve.controller.QuestionnaireControllerTest]: QuestionnaireControllerTest does not declare any static, non-private, non-final, nested classes annotated with @Configuration.
2018-03-20 10:11:09.503  INFO 14720 --- [    Test worker] .b.t.c.SpringBootTestContextBootstrapper : Found @SpringBootConfiguration com.nsa.evolve.EvolveApplication for test class com.nsa.evolve.controller.QuestionnaireControllerTest
2018-03-20 10:11:09.510  INFO 14720 --- [    Test worker] .b.t.a.w.s.WebMvcTestContextBootstrapper : Loaded default TestExecutionListener class names from location [META-INF/spring.factories]: [org.springframework.boot.test.mock.mockito.MockitoTestExecutionListener, org.springframework.boot.test.mock.mockito.ResetMocksTestExecutionListener, org.springframework.boot.test.autoconfigure.restdocs.RestDocsTestExecutionListener, org.springframework.boot.test.autoconfigure.web.client.MockRestServiceServerResetTestExecutionListener, org.springframework.boot.test.autoconfigure.web.servlet.MockMvcPrintOnlyOnFailureTestExecutionListener, org.springframework.boot.test.autoconfigure.web.servlet.WebDriverTestExecutionListener, org.springframework.test.context.web.ServletTestExecutionListener, org.springframework.test.context.support.DirtiesContextBeforeModesTestExecutionListener, org.springframework.test.context.support.DependencyInjectionTestExecutionListener, org.springframework.test.context.support.DirtiesContextTestExecutionListener, org.springframework.test.context.transaction.TransactionalTestExecutionListener, org.springframework.test.context.jdbc.SqlScriptsTestExecutionListener]
2018-03-20 10:11:09.519  INFO 14720 --- [    Test worker] .b.t.a.w.s.WebMvcTestContextBootstrapper : Using TestExecutionListeners: [org.springframework.test.context.web.ServletTestExecutionListener@26915e5d, org.springframework.test.context.support.DirtiesContextBeforeModesTestExecutionListener@31f851b5, org.springframework.boot.test.autoconfigure.SpringBootDependencyInjectionTestExecutionListener@5681cebc, org.springframework.test.context.support.DirtiesContextTestExecutionListener@7c85fe49, org.springframework.test.context.transaction.TransactionalTestExecutionListener@50ca2432, org.springframework.test.context.jdbc.SqlScriptsTestExecutionListener@23cca267, org.springframework.boot.test.autoconfigure.web.servlet.MockMvcPrintOnlyOnFailureTestExecutionListener@7b607c8c, org.springframework.boot.test.autoconfigure.restdocs.RestDocsTestExecutionListener@2844b21f, org.springframework.boot.test.autoconfigure.web.servlet.WebDriverTestExecutionListener@29aee891, org.springframework.boot.test.mock.mockito.MockitoTestExecutionListener@6f37a859, org.springframework.boot.test.mock.mockito.ResetMocksTestExecutionListener@17cb3d2f, org.springframework.boot.test.autoconfigure.web.client.MockRestServiceServerResetTestExecutionListener@1a12a183]

  .   ____          _            __ _ _
 /\\ / ___'_ __ _ _(_)_ __  __ _ \ \ \ \
( ( )\___ | '_ | '_| | '_ \/ _` | \ \ \ \
 \\/  ___)| |_)| | | | | || (_| |  ) ) ) )
  '  |____| .__|_| |_|_| |_\__, | / / / /
 =========|_|==============|___/=/_/_/_/
 :: Spring Boot ::        (v1.5.8.RELEASE)

2018-03-20 10:11:09.612  INFO 14720 --- [    Test worker] c.n.e.c.QuestionnaireControllerTest      : Starting QuestionnaireControllerTest on NSAA08CFDA44F39 with PID 14720 (started by c1633899 in C:\Users\c1633899\Documents\Year Two\Semester One\CM6213 Commercial Applications with Java\Assessment\evolvestuff)
2018-03-20 10:11:09.613  INFO 14720 --- [    Test worker] c.n.e.c.QuestionnaireControllerTest      : No active profile set, falling back to default profiles: default
2018-03-20 10:11:09.616  INFO 14720 --- [    Test worker] o.s.w.c.s.GenericWebApplicationContext   : Refreshing org.springframework.web.context.support.GenericWebApplicationContext@1dc9269c: startup date [Tue Mar 20 10:11:09 GMT 2018]; root of context hierarchy
2018-03-20 10:11:10.308  INFO 14720 --- [    Test worker] s.w.s.m.m.a.RequestMappingHandlerAdapter : Looking for @ControllerAdvice: org.springframework.web.context.support.GenericWebApplicationContext@1dc9269c: startup date [Tue Mar 20 10:11:09 GMT 2018]; root of context hierarchy
2018-03-20 10:11:10.324  INFO 14720 --- [    Test worker] s.w.s.m.m.a.RequestMappingHandlerMapping : Mapped "{[/api/questionnaire/question],methods=[POST]}" onto public void com.nsa.evolve.controller.QuestionnaireController.insertScoreFromQuestion(com.nsa.evolve.form.ScoreForm)
2018-03-20 10:11:10.325  INFO 14720 --- [    Test worker] s.w.s.m.m.a.RequestMappingHandlerMapping : Mapped "{[/api/questionnaire],methods=[GET]}" onto public java.util.List<com.nsa.evolve.dto.Question> com.nsa.evolve.controller.QuestionnaireController.getCustomerQuestionnaire(java.lang.Integer)
2018-03-20 10:11:10.327  INFO 14720 --- [    Test worker] s.w.s.m.m.a.RequestMappingHandlerMapping : Mapped "{[/error]}" onto public org.springframework.http.ResponseEntity<java.util.Map<java.lang.String, java.lang.Object>> org.springframework.boot.autoconfigure.web.BasicErrorController.error(javax.servlet.http.HttpServletRequest)
2018-03-20 10:11:10.327  INFO 14720 --- [    Test worker] s.w.s.m.m.a.RequestMappingHandlerMapping : Mapped "{[/error],produces=[text/html]}" onto public org.springframework.web.servlet.ModelAndView org.springframework.boot.autoconfigure.web.BasicErrorController.errorHtml(javax.servlet.http.HttpServletRequest,javax.servlet.http.HttpServletResponse)
2018-03-20 10:11:10.364  INFO 14720 --- [    Test worker] o.s.w.s.handler.SimpleUrlHandlerMapping  : Mapped URL path [/webjars/**] onto handler of type [class org.springframework.web.servlet.resource.ResourceHttpRequestHandler]
2018-03-20 10:11:10.365  INFO 14720 --- [    Test worker] o.s.w.s.handler.SimpleUrlHandlerMapping  : Mapped URL path [/**] onto handler of type [class org.springframework.web.servlet.resource.ResourceHttpRequestHandler]
2018-03-20 10:11:10.409  INFO 14720 --- [    Test worker] o.s.w.s.handler.SimpleUrlHandlerMapping  : Mapped URL path [/**/favicon.ico] onto handler of type [class org.springframework.web.servlet.resource.ResourceHttpRequestHandler]
2018-03-20 10:11:10.596  INFO 14720 --- [    Test worker] o.s.b.t.m.w.SpringBootMockServletContext : Initializing Spring FrameworkServlet ''
2018-03-20 10:11:10.597  INFO 14720 --- [    Test worker] o.s.t.web.servlet.TestDispatcherServlet  : FrameworkServlet '': initialization started
2018-03-20 10:11:10.614  INFO 14720 --- [    Test worker] o.s.t.web.servlet.TestDispatcherServlet  : FrameworkServlet '': initialization completed in 16 ms
2018-03-20 10:11:10.686  INFO 14720 --- [    Test worker] c.n.e.c.QuestionnaireControllerTest      : Started QuestionnaireControllerTest in 1.151 seconds (JVM running for 7.453)
]]></system-out>
  <system-err><![CDATA[]]></system-err>
</testsuite>
