<?xml version="1.0" encoding="UTF-8"?>
<testsuite name="com.nsa.evolve.controller.QuestionnaireControllerTest" tests="2" skipped="0" failures="0" errors="0" timestamp="2018-05-03T10:36:06" hostname="NSAA08CFDA44F39" time="0.398">
  <properties/>
  <testcase name="insertScoreFromQuestionAPI" classname="com.nsa.evolve.controller.QuestionnaireControllerTest" time="0.164"/>
  <testcase name="getQuestionsForQuestionnaireAPI" classname="com.nsa.evolve.controller.QuestionnaireControllerTest" time="0.231"/>
  <system-out><![CDATA[2018-05-03 11:36:03.986  INFO 12316 --- [    Test worker] .b.t.a.w.s.WebMvcTestContextBootstrapper : Neither @ContextConfiguration nor @ContextHierarchy found for test class [com.nsa.evolve.controller.QuestionnaireControllerTest], using SpringBootContextLoader
2018-05-03 11:36:03.997  INFO 12316 --- [    Test worker] o.s.t.c.support.AbstractContextLoader    : Could not detect default resource locations for test class [com.nsa.evolve.controller.QuestionnaireControllerTest]: no resource found for suffixes {-context.xml, Context.groovy}.
2018-05-03 11:36:03.997  INFO 12316 --- [    Test worker] t.c.s.AnnotationConfigContextLoaderUtils : Could not detect default configuration classes for test class [com.nsa.evolve.controller.QuestionnaireControllerTest]: QuestionnaireControllerTest does not declare any static, non-private, non-final, nested classes annotated with @Configuration.
2018-05-03 11:36:04.028  INFO 12316 --- [    Test worker] .b.t.c.SpringBootTestContextBootstrapper : Found @SpringBootConfiguration com.nsa.evolve.EvolveApplication for test class com.nsa.evolve.controller.QuestionnaireControllerTest
2018-05-03 11:36:04.050  INFO 12316 --- [    Test worker] .b.t.a.w.s.WebMvcTestContextBootstrapper : Loaded default TestExecutionListener class names from location [META-INF/spring.factories]: [org.springframework.boot.test.mock.mockito.MockitoTestExecutionListener, org.springframework.boot.test.mock.mockito.ResetMocksTestExecutionListener, org.springframework.boot.test.autoconfigure.restdocs.RestDocsTestExecutionListener, org.springframework.boot.test.autoconfigure.web.client.MockRestServiceServerResetTestExecutionListener, org.springframework.boot.test.autoconfigure.web.servlet.MockMvcPrintOnlyOnFailureTestExecutionListener, org.springframework.boot.test.autoconfigure.web.servlet.WebDriverTestExecutionListener, org.springframework.test.context.web.ServletTestExecutionListener, org.springframework.test.context.support.DirtiesContextBeforeModesTestExecutionListener, org.springframework.test.context.support.DependencyInjectionTestExecutionListener, org.springframework.test.context.support.DirtiesContextTestExecutionListener, org.springframework.test.context.transaction.TransactionalTestExecutionListener, org.springframework.test.context.jdbc.SqlScriptsTestExecutionListener]
2018-05-03 11:36:04.055  INFO 12316 --- [    Test worker] .b.t.a.w.s.WebMvcTestContextBootstrapper : Using TestExecutionListeners: [org.springframework.test.context.web.ServletTestExecutionListener@13d9676a, org.springframework.test.context.support.DirtiesContextBeforeModesTestExecutionListener@41fe415a, org.springframework.boot.test.autoconfigure.SpringBootDependencyInjectionTestExecutionListener@15936e56, org.springframework.test.context.support.DirtiesContextTestExecutionListener@27fa6cd6, org.springframework.test.context.transaction.TransactionalTestExecutionListener@7f40ad74, org.springframework.test.context.jdbc.SqlScriptsTestExecutionListener@4c87d757, org.springframework.boot.test.autoconfigure.web.servlet.WebDriverTestExecutionListener@4268f14f, org.springframework.boot.test.autoconfigure.web.client.MockRestServiceServerResetTestExecutionListener@3680a908, org.springframework.boot.test.autoconfigure.restdocs.RestDocsTestExecutionListener@4c5199a1, org.springframework.boot.test.mock.mockito.ResetMocksTestExecutionListener@3e9ec213, org.springframework.boot.test.autoconfigure.web.servlet.MockMvcPrintOnlyOnFailureTestExecutionListener@3bf9be06, org.springframework.boot.test.mock.mockito.MockitoTestExecutionListener@8829898]

  .   ____          _            __ _ _
 /\\ / ___'_ __ _ _(_)_ __  __ _ \ \ \ \
( ( )\___ | '_ | '_| | '_ \/ _` | \ \ \ \
 \\/  ___)| |_)| | | | | || (_| |  ) ) ) )
  '  |____| .__|_| |_|_| |_\__, | / / / /
 =========|_|==============|___/=/_/_/_/
 :: Spring Boot ::        (v1.5.8.RELEASE)

2018-05-03 11:36:04.241  INFO 12316 --- [    Test worker] c.n.e.c.QuestionnaireControllerTest      : Starting QuestionnaireControllerTest on NSAA08CFDA44F39 with PID 12316 (started by c1633899 in C:\Users\c1633899\Documents\Year Two\Semester Two\Security\Assessment\evolvestuff)
2018-05-03 11:36:04.241  INFO 12316 --- [    Test worker] c.n.e.c.QuestionnaireControllerTest      : No active profile set, falling back to default profiles: default
2018-05-03 11:36:04.246  INFO 12316 --- [    Test worker] o.s.w.c.s.GenericWebApplicationContext   : Refreshing org.springframework.web.context.support.GenericWebApplicationContext@749899db: startup date [Thu May 03 11:36:04 BST 2018]; root of context hierarchy
2018-05-03 11:36:05.510  INFO 12316 --- [    Test worker] s.w.s.m.m.a.RequestMappingHandlerAdapter : Looking for @ControllerAdvice: org.springframework.web.context.support.GenericWebApplicationContext@749899db: startup date [Thu May 03 11:36:04 BST 2018]; root of context hierarchy
2018-05-03 11:36:05.554  INFO 12316 --- [    Test worker] s.w.s.m.m.a.RequestMappingHandlerMapping : Mapped "{[/api/questionnaire],methods=[GET]}" onto public java.util.List<com.nsa.evolve.dto.Question> com.nsa.evolve.controller.QuestionnaireController.getCustomerQuestionnaire(java.lang.Integer)
2018-05-03 11:36:05.555  INFO 12316 --- [    Test worker] s.w.s.m.m.a.RequestMappingHandlerMapping : Mapped "{[/api/questionnaire/question],methods=[POST]}" onto public void com.nsa.evolve.controller.QuestionnaireController.insertScoreFromQuestion(com.nsa.evolve.form.ScoreForm)
2018-05-03 11:36:05.559  INFO 12316 --- [    Test worker] s.w.s.m.m.a.RequestMappingHandlerMapping : Mapped "{[/error]}" onto public org.springframework.http.ResponseEntity<java.util.Map<java.lang.String, java.lang.Object>> org.springframework.boot.autoconfigure.web.BasicErrorController.error(javax.servlet.http.HttpServletRequest)
2018-05-03 11:36:05.560  INFO 12316 --- [    Test worker] s.w.s.m.m.a.RequestMappingHandlerMapping : Mapped "{[/error],produces=[text/html]}" onto public org.springframework.web.servlet.ModelAndView org.springframework.boot.autoconfigure.web.BasicErrorController.errorHtml(javax.servlet.http.HttpServletRequest,javax.servlet.http.HttpServletResponse)
2018-05-03 11:36:05.608  INFO 12316 --- [    Test worker] o.s.w.s.handler.SimpleUrlHandlerMapping  : Mapped URL path [/webjars/**] onto handler of type [class org.springframework.web.servlet.resource.ResourceHttpRequestHandler]
2018-05-03 11:36:05.609  INFO 12316 --- [    Test worker] o.s.w.s.handler.SimpleUrlHandlerMapping  : Mapped URL path [/**] onto handler of type [class org.springframework.web.servlet.resource.ResourceHttpRequestHandler]
2018-05-03 11:36:05.686  INFO 12316 --- [    Test worker] o.s.w.s.handler.SimpleUrlHandlerMapping  : Mapped URL path [/**/favicon.ico] onto handler of type [class org.springframework.web.servlet.resource.ResourceHttpRequestHandler]
2018-05-03 11:36:05.905  INFO 12316 --- [    Test worker] o.s.b.t.m.w.SpringBootMockServletContext : Initializing Spring FrameworkServlet ''
2018-05-03 11:36:05.906  INFO 12316 --- [    Test worker] o.s.t.web.servlet.TestDispatcherServlet  : FrameworkServlet '': initialization started
2018-05-03 11:36:05.923  INFO 12316 --- [    Test worker] o.s.t.web.servlet.TestDispatcherServlet  : FrameworkServlet '': initialization completed in 15 ms
2018-05-03 11:36:06.011  INFO 12316 --- [    Test worker] c.n.e.c.QuestionnaireControllerTest      : Started QuestionnaireControllerTest in 1.931 seconds (JVM running for 11.278)
]]></system-out>
  <system-err><![CDATA[]]></system-err>
</testsuite>
