<?xml version="1.0" encoding="UTF-8"?>
<testsuite name="com.nsa.evolve.controller.SettingsControllerTest" tests="1" skipped="0" failures="0" errors="0" timestamp="2018-01-09T00:01:01" hostname="NSAA08CFDA44F39" time="0.043">
  <properties/>
  <testcase name="SettingsDashboardView" classname="com.nsa.evolve.controller.SettingsControllerTest" time="0.043"/>
  <system-out><![CDATA[2018-01-09 00:00:59.919  INFO 11856 --- [    Test worker] .b.t.a.w.s.WebMvcTestContextBootstrapper : Neither @ContextConfiguration nor @ContextHierarchy found for test class [com.nsa.evolve.controller.SettingsControllerTest], using SpringBootContextLoader
2018-01-09 00:00:59.920  INFO 11856 --- [    Test worker] o.s.t.c.support.AbstractContextLoader    : Could not detect default resource locations for test class [com.nsa.evolve.controller.SettingsControllerTest]: no resource found for suffixes {-context.xml, Context.groovy}.
2018-01-09 00:00:59.921  INFO 11856 --- [    Test worker] t.c.s.AnnotationConfigContextLoaderUtils : Could not detect default configuration classes for test class [com.nsa.evolve.controller.SettingsControllerTest]: SettingsControllerTest does not declare any static, non-private, non-final, nested classes annotated with @Configuration.
2018-01-09 00:00:59.941  INFO 11856 --- [    Test worker] .b.t.c.SpringBootTestContextBootstrapper : Found @SpringBootConfiguration com.nsa.evolve.EvolveApplication for test class com.nsa.evolve.controller.SettingsControllerTest
2018-01-09 00:00:59.945  INFO 11856 --- [    Test worker] .b.t.a.w.s.WebMvcTestContextBootstrapper : Loaded default TestExecutionListener class names from location [META-INF/spring.factories]: [org.springframework.boot.test.mock.mockito.MockitoTestExecutionListener, org.springframework.boot.test.mock.mockito.ResetMocksTestExecutionListener, org.springframework.boot.test.autoconfigure.restdocs.RestDocsTestExecutionListener, org.springframework.boot.test.autoconfigure.web.client.MockRestServiceServerResetTestExecutionListener, org.springframework.boot.test.autoconfigure.web.servlet.MockMvcPrintOnlyOnFailureTestExecutionListener, org.springframework.boot.test.autoconfigure.web.servlet.WebDriverTestExecutionListener, org.springframework.test.context.web.ServletTestExecutionListener, org.springframework.test.context.support.DirtiesContextBeforeModesTestExecutionListener, org.springframework.test.context.support.DependencyInjectionTestExecutionListener, org.springframework.test.context.support.DirtiesContextTestExecutionListener, org.springframework.test.context.transaction.TransactionalTestExecutionListener, org.springframework.test.context.jdbc.SqlScriptsTestExecutionListener]
2018-01-09 00:00:59.948  INFO 11856 --- [    Test worker] .b.t.a.w.s.WebMvcTestContextBootstrapper : Using TestExecutionListeners: [org.springframework.test.context.web.ServletTestExecutionListener@6529b84a, org.springframework.test.context.support.DirtiesContextBeforeModesTestExecutionListener@7200ba32, org.springframework.boot.test.autoconfigure.SpringBootDependencyInjectionTestExecutionListener@5733bee1, org.springframework.test.context.support.DirtiesContextTestExecutionListener@2d009cf4, org.springframework.test.context.transaction.TransactionalTestExecutionListener@5c39af6, org.springframework.test.context.jdbc.SqlScriptsTestExecutionListener@72656156, org.springframework.boot.test.mock.mockito.MockitoTestExecutionListener@386b1d4d, org.springframework.boot.test.mock.mockito.ResetMocksTestExecutionListener@11a5d188, org.springframework.boot.test.autoconfigure.web.servlet.WebDriverTestExecutionListener@8a8fd60, org.springframework.boot.test.autoconfigure.restdocs.RestDocsTestExecutionListener@519e52f2, org.springframework.boot.test.autoconfigure.web.client.MockRestServiceServerResetTestExecutionListener@31ffbcf9, org.springframework.boot.test.autoconfigure.web.servlet.MockMvcPrintOnlyOnFailureTestExecutionListener@e6902df]

  .   ____          _            __ _ _
 /\\ / ___'_ __ _ _(_)_ __  __ _ \ \ \ \
( ( )\___ | '_ | '_| | '_ \/ _` | \ \ \ \
 \\/  ___)| |_)| | | | | || (_| |  ) ) ) )
  '  |____| .__|_| |_|_| |_\__, | / / / /
 =========|_|==============|___/=/_/_/_/
 :: Spring Boot ::        (v1.5.8.RELEASE)

2018-01-09 00:01:00.014  INFO 11856 --- [    Test worker] c.n.e.controller.SettingsControllerTest  : Starting SettingsControllerTest on NSAA08CFDA44F39 with PID 11856 (started by c1633899 in C:\Users\c1633899\Documents\Year Two\Semester One\CM6213 Commercial Applications with Java\Assessment\evolvestuff)
2018-01-09 00:01:00.014  INFO 11856 --- [    Test worker] c.n.e.controller.SettingsControllerTest  : No active profile set, falling back to default profiles: default
2018-01-09 00:01:00.017  INFO 11856 --- [    Test worker] o.s.w.c.s.GenericWebApplicationContext   : Refreshing org.springframework.web.context.support.GenericWebApplicationContext@6c41ebb0: startup date [Tue Jan 09 00:01:00 GMT 2018]; root of context hierarchy
2018-01-09 00:01:00.747  INFO 11856 --- [    Test worker] s.w.s.m.m.a.RequestMappingHandlerAdapter : Looking for @ControllerAdvice: org.springframework.web.context.support.GenericWebApplicationContext@6c41ebb0: startup date [Tue Jan 09 00:01:00 GMT 2018]; root of context hierarchy
2018-01-09 00:01:00.779  INFO 11856 --- [    Test worker] s.w.s.m.m.a.RequestMappingHandlerMapping : Mapped "{[/account/updatePassword],methods=[PUT]}" onto public java.lang.String com.nsa.evolve.controller.SettingsController.updateAccountPassword(com.nsa.evolve.form.PasswordForm,org.springframework.web.servlet.mvc.support.RedirectAttributes,javax.servlet.http.HttpSession)
2018-01-09 00:01:00.780  INFO 11856 --- [    Test worker] s.w.s.m.m.a.RequestMappingHandlerMapping : Mapped "{[/settings],methods=[GET]}" onto public java.lang.String com.nsa.evolve.controller.SettingsController.getSettingsPage(org.springframework.ui.Model,javax.servlet.http.HttpSession,java.lang.String,java.lang.String,java.lang.String)
2018-01-09 00:01:00.782  INFO 11856 --- [    Test worker] s.w.s.m.m.a.RequestMappingHandlerMapping : Mapped "{[/error]}" onto public org.springframework.http.ResponseEntity<java.util.Map<java.lang.String, java.lang.Object>> org.springframework.boot.autoconfigure.web.BasicErrorController.error(javax.servlet.http.HttpServletRequest)
2018-01-09 00:01:00.782  INFO 11856 --- [    Test worker] s.w.s.m.m.a.RequestMappingHandlerMapping : Mapped "{[/error],produces=[text/html]}" onto public org.springframework.web.servlet.ModelAndView org.springframework.boot.autoconfigure.web.BasicErrorController.errorHtml(javax.servlet.http.HttpServletRequest,javax.servlet.http.HttpServletResponse)
2018-01-09 00:01:00.831  INFO 11856 --- [    Test worker] o.s.w.s.handler.SimpleUrlHandlerMapping  : Mapped URL path [/webjars/**] onto handler of type [class org.springframework.web.servlet.resource.ResourceHttpRequestHandler]
2018-01-09 00:01:00.832  INFO 11856 --- [    Test worker] o.s.w.s.handler.SimpleUrlHandlerMapping  : Mapped URL path [/**] onto handler of type [class org.springframework.web.servlet.resource.ResourceHttpRequestHandler]
2018-01-09 00:01:00.877  INFO 11856 --- [    Test worker] o.s.w.s.handler.SimpleUrlHandlerMapping  : Mapped URL path [/**/favicon.ico] onto handler of type [class org.springframework.web.servlet.resource.ResourceHttpRequestHandler]
2018-01-09 00:01:01.066  INFO 11856 --- [    Test worker] o.s.b.t.m.w.SpringBootMockServletContext : Initializing Spring FrameworkServlet ''
2018-01-09 00:01:01.067  INFO 11856 --- [    Test worker] o.s.t.web.servlet.TestDispatcherServlet  : FrameworkServlet '': initialization started
2018-01-09 00:01:01.081  INFO 11856 --- [    Test worker] o.s.t.web.servlet.TestDispatcherServlet  : FrameworkServlet '': initialization completed in 13 ms
2018-01-09 00:01:01.144  INFO 11856 --- [    Test worker] c.n.e.controller.SettingsControllerTest  : Started SettingsControllerTest in 1.19 seconds (JVM running for 9.011)
]]></system-out>
  <system-err><![CDATA[]]></system-err>
</testsuite>
