<?xml version="1.0" encoding="UTF-8"?>
<testsuite name="com.nsa.evolve.controller.QuestionnaireControllerTest" tests="2" skipped="0" failures="0" errors="0" timestamp="2018-03-19T17:38:01" hostname="NSAA08CFDA44F39" time="0.245">
  <properties/>
  <testcase name="insertScoreFromQuestionAPI" classname="com.nsa.evolve.controller.QuestionnaireControllerTest" time="0.113"/>
  <testcase name="getQuestionsForQuestionnaireAPI" classname="com.nsa.evolve.controller.QuestionnaireControllerTest" time="0.129"/>
  <system-out><![CDATA[2018-03-19 17:38:00.775  INFO 12796 --- [    Test worker] .b.t.a.w.s.WebMvcTestContextBootstrapper : Neither @ContextConfiguration nor @ContextHierarchy found for test class [com.nsa.evolve.controller.QuestionnaireControllerTest], using SpringBootContextLoader
2018-03-19 17:38:00.777  INFO 12796 --- [    Test worker] o.s.t.c.support.AbstractContextLoader    : Could not detect default resource locations for test class [com.nsa.evolve.controller.QuestionnaireControllerTest]: no resource found for suffixes {-context.xml, Context.groovy}.
2018-03-19 17:38:00.777  INFO 12796 --- [    Test worker] t.c.s.AnnotationConfigContextLoaderUtils : Could not detect default configuration classes for test class [com.nsa.evolve.controller.QuestionnaireControllerTest]: QuestionnaireControllerTest does not declare any static, non-private, non-final, nested classes annotated with @Configuration.
2018-03-19 17:38:00.803  INFO 12796 --- [    Test worker] .b.t.c.SpringBootTestContextBootstrapper : Found @SpringBootConfiguration com.nsa.evolve.EvolveApplication for test class com.nsa.evolve.controller.QuestionnaireControllerTest
2018-03-19 17:38:00.830  INFO 12796 --- [    Test worker] .b.t.a.w.s.WebMvcTestContextBootstrapper : Loaded default TestExecutionListener class names from location [META-INF/spring.factories]: [org.springframework.boot.test.mock.mockito.MockitoTestExecutionListener, org.springframework.boot.test.mock.mockito.ResetMocksTestExecutionListener, org.springframework.boot.test.autoconfigure.restdocs.RestDocsTestExecutionListener, org.springframework.boot.test.autoconfigure.web.client.MockRestServiceServerResetTestExecutionListener, org.springframework.boot.test.autoconfigure.web.servlet.MockMvcPrintOnlyOnFailureTestExecutionListener, org.springframework.boot.test.autoconfigure.web.servlet.WebDriverTestExecutionListener, org.springframework.test.context.web.ServletTestExecutionListener, org.springframework.test.context.support.DirtiesContextBeforeModesTestExecutionListener, org.springframework.test.context.support.DependencyInjectionTestExecutionListener, org.springframework.test.context.support.DirtiesContextTestExecutionListener, org.springframework.test.context.transaction.TransactionalTestExecutionListener, org.springframework.test.context.jdbc.SqlScriptsTestExecutionListener]
2018-03-19 17:38:00.839  INFO 12796 --- [    Test worker] .b.t.a.w.s.WebMvcTestContextBootstrapper : Using TestExecutionListeners: [org.springframework.test.context.web.ServletTestExecutionListener@2d898d78, org.springframework.test.context.support.DirtiesContextBeforeModesTestExecutionListener@5e5b141e, org.springframework.boot.test.autoconfigure.SpringBootDependencyInjectionTestExecutionListener@24b2b000, org.springframework.test.context.support.DirtiesContextTestExecutionListener@291acea9, org.springframework.test.context.transaction.TransactionalTestExecutionListener@489974bf, org.springframework.test.context.jdbc.SqlScriptsTestExecutionListener@4e647256, org.springframework.boot.test.autoconfigure.web.servlet.MockMvcPrintOnlyOnFailureTestExecutionListener@7f67e92a, org.springframework.boot.test.autoconfigure.web.client.MockRestServiceServerResetTestExecutionListener@771fe9, org.springframework.boot.test.mock.mockito.MockitoTestExecutionListener@348bfd4, org.springframework.boot.test.mock.mockito.ResetMocksTestExecutionListener@6e539b29, org.springframework.boot.test.autoconfigure.restdocs.RestDocsTestExecutionListener@2ebd0170, org.springframework.boot.test.autoconfigure.web.servlet.WebDriverTestExecutionListener@160dcb19]

  .   ____          _            __ _ _
 /\\ / ___'_ __ _ _(_)_ __  __ _ \ \ \ \
( ( )\___ | '_ | '_| | '_ \/ _` | \ \ \ \
 \\/  ___)| |_)| | | | | || (_| |  ) ) ) )
  '  |____| .__|_| |_|_| |_\__, | / / / /
 =========|_|==============|___/=/_/_/_/
 :: Spring Boot ::        (v1.5.8.RELEASE)

2018-03-19 17:38:00.910  INFO 12796 --- [    Test worker] c.n.e.c.QuestionnaireControllerTest      : Starting QuestionnaireControllerTest on NSAA08CFDA44F39 with PID 12796 (started by c1633899 in C:\Users\c1633899\Documents\Year Two\Semester One\CM6213 Commercial Applications with Java\Assessment\evolvestuff)
2018-03-19 17:38:00.910  INFO 12796 --- [    Test worker] c.n.e.c.QuestionnaireControllerTest      : No active profile set, falling back to default profiles: default
2018-03-19 17:38:00.912  INFO 12796 --- [    Test worker] o.s.w.c.s.GenericWebApplicationContext   : Refreshing org.springframework.web.context.support.GenericWebApplicationContext@ebd0cb8: startup date [Mon Mar 19 17:38:00 GMT 2018]; root of context hierarchy
2018-03-19 17:38:01.614  INFO 12796 --- [    Test worker] s.w.s.m.m.a.RequestMappingHandlerAdapter : Looking for @ControllerAdvice: org.springframework.web.context.support.GenericWebApplicationContext@ebd0cb8: startup date [Mon Mar 19 17:38:00 GMT 2018]; root of context hierarchy
2018-03-19 17:38:01.635  INFO 12796 --- [    Test worker] s.w.s.m.m.a.RequestMappingHandlerMapping : Mapped "{[/api/questionnaire],methods=[GET]}" onto public java.util.List<com.nsa.evolve.dto.Question> com.nsa.evolve.controller.QuestionnaireController.getCustomerQuestionnaire(java.lang.Integer)
2018-03-19 17:38:01.636  INFO 12796 --- [    Test worker] s.w.s.m.m.a.RequestMappingHandlerMapping : Mapped "{[/api/questionnaire/question],methods=[POST]}" onto public void com.nsa.evolve.controller.QuestionnaireController.insertScoreFromQuestion(com.nsa.evolve.form.ScoreForm)
2018-03-19 17:38:01.637  INFO 12796 --- [    Test worker] s.w.s.m.m.a.RequestMappingHandlerMapping : Mapped "{[/error]}" onto public org.springframework.http.ResponseEntity<java.util.Map<java.lang.String, java.lang.Object>> org.springframework.boot.autoconfigure.web.BasicErrorController.error(javax.servlet.http.HttpServletRequest)
2018-03-19 17:38:01.638  INFO 12796 --- [    Test worker] s.w.s.m.m.a.RequestMappingHandlerMapping : Mapped "{[/error],produces=[text/html]}" onto public org.springframework.web.servlet.ModelAndView org.springframework.boot.autoconfigure.web.BasicErrorController.errorHtml(javax.servlet.http.HttpServletRequest,javax.servlet.http.HttpServletResponse)
2018-03-19 17:38:01.666  INFO 12796 --- [    Test worker] o.s.w.s.handler.SimpleUrlHandlerMapping  : Mapped URL path [/webjars/**] onto handler of type [class org.springframework.web.servlet.resource.ResourceHttpRequestHandler]
2018-03-19 17:38:01.667  INFO 12796 --- [    Test worker] o.s.w.s.handler.SimpleUrlHandlerMapping  : Mapped URL path [/**] onto handler of type [class org.springframework.web.servlet.resource.ResourceHttpRequestHandler]
2018-03-19 17:38:01.699  INFO 12796 --- [    Test worker] o.s.w.s.handler.SimpleUrlHandlerMapping  : Mapped URL path [/**/favicon.ico] onto handler of type [class org.springframework.web.servlet.resource.ResourceHttpRequestHandler]
2018-03-19 17:38:01.870  INFO 12796 --- [    Test worker] o.s.b.t.m.w.SpringBootMockServletContext : Initializing Spring FrameworkServlet ''
2018-03-19 17:38:01.871  INFO 12796 --- [    Test worker] o.s.t.web.servlet.TestDispatcherServlet  : FrameworkServlet '': initialization started
2018-03-19 17:38:01.882  INFO 12796 --- [    Test worker] o.s.t.web.servlet.TestDispatcherServlet  : FrameworkServlet '': initialization completed in 11 ms
2018-03-19 17:38:01.930  INFO 12796 --- [    Test worker] c.n.e.c.QuestionnaireControllerTest      : Started QuestionnaireControllerTest in 1.083 seconds (JVM running for 7.164)
]]></system-out>
  <system-err><![CDATA[]]></system-err>
</testsuite>
