<?xml version="1.0" encoding="UTF-8"?>
<testsuite name="com.nsa.evolve.controller.SettingsControllerTest" tests="1" skipped="0" failures="0" errors="0" timestamp="2018-05-03T10:36:08" hostname="NSAA08CFDA44F39" time="0.048">
  <properties/>
  <testcase name="SettingsDashboardView" classname="com.nsa.evolve.controller.SettingsControllerTest" time="0.048"/>
  <system-out><![CDATA[2018-05-03 11:36:06.448  INFO 12316 --- [    Test worker] .b.t.a.w.s.WebMvcTestContextBootstrapper : Neither @ContextConfiguration nor @ContextHierarchy found for test class [com.nsa.evolve.controller.SettingsControllerTest], using SpringBootContextLoader
2018-05-03 11:36:06.464  INFO 12316 --- [    Test worker] o.s.t.c.support.AbstractContextLoader    : Could not detect default resource locations for test class [com.nsa.evolve.controller.SettingsControllerTest]: no resource found for suffixes {-context.xml, Context.groovy}.
2018-05-03 11:36:06.465  INFO 12316 --- [    Test worker] t.c.s.AnnotationConfigContextLoaderUtils : Could not detect default configuration classes for test class [com.nsa.evolve.controller.SettingsControllerTest]: SettingsControllerTest does not declare any static, non-private, non-final, nested classes annotated with @Configuration.
2018-05-03 11:36:06.529  INFO 12316 --- [    Test worker] .b.t.c.SpringBootTestContextBootstrapper : Found @SpringBootConfiguration com.nsa.evolve.EvolveApplication for test class com.nsa.evolve.controller.SettingsControllerTest
2018-05-03 11:36:06.541  INFO 12316 --- [    Test worker] .b.t.a.w.s.WebMvcTestContextBootstrapper : Loaded default TestExecutionListener class names from location [META-INF/spring.factories]: [org.springframework.boot.test.mock.mockito.MockitoTestExecutionListener, org.springframework.boot.test.mock.mockito.ResetMocksTestExecutionListener, org.springframework.boot.test.autoconfigure.restdocs.RestDocsTestExecutionListener, org.springframework.boot.test.autoconfigure.web.client.MockRestServiceServerResetTestExecutionListener, org.springframework.boot.test.autoconfigure.web.servlet.MockMvcPrintOnlyOnFailureTestExecutionListener, org.springframework.boot.test.autoconfigure.web.servlet.WebDriverTestExecutionListener, org.springframework.test.context.web.ServletTestExecutionListener, org.springframework.test.context.support.DirtiesContextBeforeModesTestExecutionListener, org.springframework.test.context.support.DependencyInjectionTestExecutionListener, org.springframework.test.context.support.DirtiesContextTestExecutionListener, org.springframework.test.context.transaction.TransactionalTestExecutionListener, org.springframework.test.context.jdbc.SqlScriptsTestExecutionListener]
2018-05-03 11:36:06.580  INFO 12316 --- [    Test worker] .b.t.a.w.s.WebMvcTestContextBootstrapper : Using TestExecutionListeners: [org.springframework.test.context.web.ServletTestExecutionListener@4d0e358d, org.springframework.test.context.support.DirtiesContextBeforeModesTestExecutionListener@45a19304, org.springframework.boot.test.autoconfigure.SpringBootDependencyInjectionTestExecutionListener@7b6d2e22, org.springframework.test.context.support.DirtiesContextTestExecutionListener@4738ec7d, org.springframework.test.context.transaction.TransactionalTestExecutionListener@7b261b4a, org.springframework.test.context.jdbc.SqlScriptsTestExecutionListener@32d68e99, org.springframework.boot.test.autoconfigure.web.servlet.WebDriverTestExecutionListener@2058aadf, org.springframework.boot.test.autoconfigure.web.client.MockRestServiceServerResetTestExecutionListener@2083e1ad, org.springframework.boot.test.autoconfigure.restdocs.RestDocsTestExecutionListener@6bb452bc, org.springframework.boot.test.mock.mockito.ResetMocksTestExecutionListener@6d90ab15, org.springframework.boot.test.autoconfigure.web.servlet.MockMvcPrintOnlyOnFailureTestExecutionListener@8fbfa2a, org.springframework.boot.test.mock.mockito.MockitoTestExecutionListener@374afc11]

  .   ____          _            __ _ _
 /\\ / ___'_ __ _ _(_)_ __  __ _ \ \ \ \
( ( )\___ | '_ | '_| | '_ \/ _` | \ \ \ \
 \\/  ___)| |_)| | | | | || (_| |  ) ) ) )
  '  |____| .__|_| |_|_| |_\__, | / / / /
 =========|_|==============|___/=/_/_/_/
 :: Spring Boot ::        (v1.5.8.RELEASE)

2018-05-03 11:36:06.777  INFO 12316 --- [    Test worker] c.n.e.controller.SettingsControllerTest  : Starting SettingsControllerTest on NSAA08CFDA44F39 with PID 12316 (started by c1633899 in C:\Users\c1633899\Documents\Year Two\Semester Two\Security\Assessment\evolvestuff)
2018-05-03 11:36:06.779  INFO 12316 --- [    Test worker] c.n.e.controller.SettingsControllerTest  : No active profile set, falling back to default profiles: default
2018-05-03 11:36:06.792  INFO 12316 --- [    Test worker] o.s.w.c.s.GenericWebApplicationContext   : Refreshing org.springframework.web.context.support.GenericWebApplicationContext@28c1a357: startup date [Thu May 03 11:36:06 BST 2018]; root of context hierarchy
2018-05-03 11:36:07.990  INFO 12316 --- [    Test worker] s.w.s.m.m.a.RequestMappingHandlerAdapter : Looking for @ControllerAdvice: org.springframework.web.context.support.GenericWebApplicationContext@28c1a357: startup date [Thu May 03 11:36:06 BST 2018]; root of context hierarchy
2018-05-03 11:36:08.018  INFO 12316 --- [    Test worker] s.w.s.m.m.a.RequestMappingHandlerMapping : Mapped "{[/settings],methods=[GET]}" onto public java.lang.String com.nsa.evolve.controller.SettingsController.getSettingsPage(org.springframework.ui.Model,javax.servlet.http.HttpSession,java.lang.String,java.lang.String,java.lang.String)
2018-05-03 11:36:08.020  INFO 12316 --- [    Test worker] s.w.s.m.m.a.RequestMappingHandlerMapping : Mapped "{[/account/updatePassword],methods=[PUT]}" onto public java.lang.String com.nsa.evolve.controller.SettingsController.updateAccountPassword(com.nsa.evolve.form.PasswordForm,org.springframework.web.servlet.mvc.support.RedirectAttributes,javax.servlet.http.HttpSession)
2018-05-03 11:36:08.022  INFO 12316 --- [    Test worker] s.w.s.m.m.a.RequestMappingHandlerMapping : Mapped "{[/error]}" onto public org.springframework.http.ResponseEntity<java.util.Map<java.lang.String, java.lang.Object>> org.springframework.boot.autoconfigure.web.BasicErrorController.error(javax.servlet.http.HttpServletRequest)
2018-05-03 11:36:08.023  INFO 12316 --- [    Test worker] s.w.s.m.m.a.RequestMappingHandlerMapping : Mapped "{[/error],produces=[text/html]}" onto public org.springframework.web.servlet.ModelAndView org.springframework.boot.autoconfigure.web.BasicErrorController.errorHtml(javax.servlet.http.HttpServletRequest,javax.servlet.http.HttpServletResponse)
2018-05-03 11:36:08.078  INFO 12316 --- [    Test worker] o.s.w.s.handler.SimpleUrlHandlerMapping  : Mapped URL path [/webjars/**] onto handler of type [class org.springframework.web.servlet.resource.ResourceHttpRequestHandler]
2018-05-03 11:36:08.081  INFO 12316 --- [    Test worker] o.s.w.s.handler.SimpleUrlHandlerMapping  : Mapped URL path [/**] onto handler of type [class org.springframework.web.servlet.resource.ResourceHttpRequestHandler]
2018-05-03 11:36:08.140  INFO 12316 --- [    Test worker] o.s.w.s.handler.SimpleUrlHandlerMapping  : Mapped URL path [/**/favicon.ico] onto handler of type [class org.springframework.web.servlet.resource.ResourceHttpRequestHandler]
2018-05-03 11:36:08.363  INFO 12316 --- [    Test worker] o.s.b.t.m.w.SpringBootMockServletContext : Initializing Spring FrameworkServlet ''
2018-05-03 11:36:08.364  INFO 12316 --- [    Test worker] o.s.t.web.servlet.TestDispatcherServlet  : FrameworkServlet '': initialization started
2018-05-03 11:36:08.396  INFO 12316 --- [    Test worker] o.s.t.web.servlet.TestDispatcherServlet  : FrameworkServlet '': initialization completed in 31 ms
2018-05-03 11:36:08.485  INFO 12316 --- [    Test worker] c.n.e.controller.SettingsControllerTest  : Started SettingsControllerTest in 1.888 seconds (JVM running for 13.75)
]]></system-out>
  <system-err><![CDATA[]]></system-err>
</testsuite>
